{"/Users/valentinbercker/Desktop/JO243/front/src/Pages/front/sumteste.js": {"path":"/Users/valentinbercker/Desktop/JO243/front/src/Pages/front/sumteste.js","statementMap":{"0":{"start":{"line":2,"column":4},"end":{"line":2,"column":17}},"1":{"start":{"line":4,"column":2},"end":{"line":4,"column":23}}},"fnMap":{"0":{"name":"sum","decl":{"start":{"line":1,"column":9},"end":{"line":1,"column":12}},"loc":{"start":{"line":1,"column":19},"end":{"line":3,"column":3}},"line":1}},"branchMap":{},"s":{"0":1,"1":1},"f":{"0":1},"b":{},"_coverageSchema":"1a1c01bbd47fc00a2c39e90264f33305004495a9","hash":"c756be1c0f45bcfe1b97fcb26390089988ee9ab8"}
,"/Users/valentinbercker/Desktop/JO243/front/src/composants/FormCO.jsx": {"path":"/Users/valentinbercker/Desktop/JO243/front/src/composants/FormCO.jsx","statementMap":{"0":{"start":{"line":19,"column":30},"end":{"line":28,"column":6}},"1":{"start":{"line":30,"column":20},"end":{"line":30,"column":32}},"2":{"start":{"line":31,"column":26},"end":{"line":31,"column":38}},"3":{"start":{"line":32,"column":23},"end":{"line":32,"column":35}},"4":{"start":{"line":33,"column":20},"end":{"line":33,"column":32}},"5":{"start":{"line":34,"column":34},"end":{"line":34,"column":46}},"6":{"start":{"line":37,"column":20},"end":{"line":66,"column":1}},"7":{"start":{"line":39,"column":22},"end":{"line":41,"column":5}},"8":{"start":{"line":42,"column":19},"end":{"line":44,"column":5}},"9":{"start":{"line":45,"column":20},"end":{"line":47,"column":5}},"10":{"start":{"line":48,"column":19},"end":{"line":50,"column":5}},"11":{"start":{"line":52,"column":21},"end":{"line":52,"column":52}},"12":{"start":{"line":53,"column":24},"end":{"line":53,"column":61}},"13":{"start":{"line":54,"column":21},"end":{"line":54,"column":52}},"14":{"start":{"line":55,"column":22},"end":{"line":55,"column":55}},"15":{"start":{"line":57,"column":4},"end":{"line":57,"column":72}},"16":{"start":{"line":57,"column":24},"end":{"line":57,"column":55}},"17":{"start":{"line":57,"column":61},"end":{"line":57,"column":71}},"18":{"start":{"line":58,"column":4},"end":{"line":58,"column":81}},"19":{"start":{"line":58,"column":27},"end":{"line":58,"column":61}},"20":{"start":{"line":58,"column":67},"end":{"line":58,"column":80}},"21":{"start":{"line":60,"column":4},"end":{"line":60,"column":81}},"22":{"start":{"line":60,"column":25},"end":{"line":60,"column":62}},"23":{"start":{"line":60,"column":68},"end":{"line":60,"column":80}},"24":{"start":{"line":61,"column":4},"end":{"line":61,"column":78}},"25":{"start":{"line":61,"column":24},"end":{"line":61,"column":61}},"26":{"start":{"line":61,"column":67},"end":{"line":61,"column":77}},"27":{"start":{"line":64,"column":4},"end":{"line":64,"column":66}},"28":{"start":{"line":64,"column":24},"end":{"line":64,"column":64}},"29":{"start":{"line":68,"column":20},"end":{"line":111,"column":1}},"30":{"start":{"line":69,"column":4},"end":{"line":69,"column":22}},"31":{"start":{"line":71,"column":22},"end":{"line":73,"column":5}},"32":{"start":{"line":74,"column":19},"end":{"line":76,"column":5}},"33":{"start":{"line":77,"column":20},"end":{"line":79,"column":5}},"34":{"start":{"line":80,"column":19},"end":{"line":82,"column":5}},"35":{"start":{"line":84,"column":21},"end":{"line":84,"column":52}},"36":{"start":{"line":85,"column":24},"end":{"line":85,"column":61}},"37":{"start":{"line":86,"column":22},"end":{"line":86,"column":53}},"38":{"start":{"line":87,"column":22},"end":{"line":87,"column":55}},"39":{"start":{"line":89,"column":4},"end":{"line":110,"column":1}},"40":{"start":{"line":89,"column":29},"end":{"line":89,"column":61}},"41":{"start":{"line":90,"column":9},"end":{"line":110,"column":1}},"42":{"start":{"line":90,"column":32},"end":{"line":90,"column":58}},"43":{"start":{"line":90,"column":65},"end":{"line":110,"column":1}},"44":{"start":{"line":90,"column":90},"end":{"line":90,"column":122}},"45":{"start":{"line":91,"column":5},"end":{"line":110,"column":1}},"46":{"start":{"line":91,"column":28},"end":{"line":91,"column":58}},"47":{"start":{"line":93,"column":8},"end":{"line":110,"column":1}},"48":{"start":{"line":93,"column":29},"end":{"line":93,"column":70}},"49":{"start":{"line":95,"column":8},"end":{"line":110,"column":1}},"50":{"start":{"line":95,"column":44},"end":{"line":95,"column":103}},"51":{"start":{"line":100,"column":0},"end":{"line":108,"column":1}},"52":{"start":{"line":101,"column":4},"end":{"line":101,"column":57}},"53":{"start":{"line":103,"column":4},"end":{"line":103,"column":26}},"54":{"start":{"line":104,"column":4},"end":{"line":104,"column":17}},"55":{"start":{"line":107,"column":4},"end":{"line":107,"column":20}},"56":{"start":{"line":112,"column":16},"end":{"line":112,"column":29}},"57":{"start":{"line":114,"column":2},"end":{"line":153,"column":3}},"58":{"start":{"line":160,"column":28},"end":{"line":165,"column":6}},"59":{"start":{"line":166,"column":30},"end":{"line":166,"column":42}},"60":{"start":{"line":168,"column":24},"end":{"line":171,"column":5}},"61":{"start":{"line":169,"column":8},"end":{"line":169,"column":69}},"62":{"start":{"line":169,"column":27},"end":{"line":169,"column":67}},"63":{"start":{"line":172,"column":20},"end":{"line":172,"column":33}},"64":{"start":{"line":173,"column":21},"end":{"line":173,"column":34}},"65":{"start":{"line":174,"column":17},"end":{"line":174,"column":26}},"66":{"start":{"line":175,"column":25},"end":{"line":175,"column":58}},"67":{"start":{"line":176,"column":30},"end":{"line":176,"column":38}},"68":{"start":{"line":178,"column":24},"end":{"line":207,"column":36}},"69":{"start":{"line":179,"column":8},"end":{"line":179,"column":26}},"70":{"start":{"line":181,"column":8},"end":{"line":207,"column":34}},"71":{"start":{"line":181,"column":36},"end":{"line":181,"column":276}},"72":{"start":{"line":183,"column":22},"end":{"line":183,"column":84}},"73":{"start":{"line":184,"column":25},"end":{"line":184,"column":44}},"74":{"start":{"line":185,"column":8},"end":{"line":185,"column":30}},"75":{"start":{"line":188,"column":8},"end":{"line":206,"column":33}},"76":{"start":{"line":190,"column":16},"end":{"line":190,"column":66}},"77":{"start":{"line":191,"column":16},"end":{"line":191,"column":50}},"78":{"start":{"line":192,"column":16},"end":{"line":192,"column":33}},"79":{"start":{"line":193,"column":16},"end":{"line":193,"column":55}},"80":{"start":{"line":195,"column":16},"end":{"line":195,"column":57}},"81":{"start":{"line":197,"column":8},"end":{"line":206,"column":33}},"82":{"start":{"line":199,"column":12},"end":{"line":199,"column":67}},"83":{"start":{"line":200,"column":12},"end":{"line":200,"column":49}},"84":{"start":{"line":201,"column":16},"end":{"line":201,"column":33}},"85":{"start":{"line":202,"column":28},"end":{"line":202,"column":68}},"86":{"start":{"line":204,"column":28},"end":{"line":204,"column":74}},"87":{"start":{"line":206,"column":13},"end":{"line":206,"column":32}},"88":{"start":{"line":207,"column":15},"end":{"line":207,"column":33}},"89":{"start":{"line":213,"column":18},"end":{"line":213,"column":47}},"90":{"start":{"line":214,"column":23},"end":{"line":214,"column":52}},"91":{"start":{"line":218,"column":4},"end":{"line":238,"column":36}},"92":{"start":{"line":218,"column":32},"end":{"line":218,"column":204}},"93":{"start":{"line":220,"column":18},"end":{"line":220,"column":76}},"94":{"start":{"line":221,"column":21},"end":{"line":221,"column":40}},"95":{"start":{"line":222,"column":4},"end":{"line":222,"column":26}},"96":{"start":{"line":223,"column":4},"end":{"line":236,"column":5}},"97":{"start":{"line":225,"column":8},"end":{"line":230,"column":12}},"98":{"start":{"line":227,"column":20},"end":{"line":227,"column":37}},"99":{"start":{"line":228,"column":20},"end":{"line":228,"column":61}},"100":{"start":{"line":231,"column":10},"end":{"line":236,"column":5}},"101":{"start":{"line":233,"column":12},"end":{"line":233,"column":29}},"102":{"start":{"line":234,"column":12},"end":{"line":234,"column":58}},"103":{"start":{"line":238,"column":17},"end":{"line":238,"column":35}},"104":{"start":{"line":242,"column":2},"end":{"line":242,"column":10}},"105":{"start":{"line":247,"column":4},"end":{"line":247,"column":63}},"106":{"start":{"line":252,"column":2},"end":{"line":283,"column":3}}},"fnMap":{"0":{"name":"FormRE","decl":{"start":{"line":17,"column":9},"end":{"line":17,"column":15}},"loc":{"start":{"line":17,"column":17},"end":{"line":154,"column":1}},"line":17},"1":{"name":"(anonymous_1)","decl":{"start":{"line":37,"column":20},"end":{"line":37,"column":21}},"loc":{"start":{"line":37,"column":31},"end":{"line":66,"column":1}},"line":37},"2":{"name":"(anonymous_2)","decl":{"start":{"line":64,"column":14},"end":{"line":64,"column":15}},"loc":{"start":{"line":64,"column":24},"end":{"line":64,"column":64}},"line":64},"3":{"name":"(anonymous_3)","decl":{"start":{"line":68,"column":20},"end":{"line":68,"column":21}},"loc":{"start":{"line":68,"column":29},"end":{"line":111,"column":1}},"line":68},"4":{"name":"LogIN","decl":{"start":{"line":158,"column":9},"end":{"line":158,"column":14}},"loc":{"start":{"line":158,"column":17},"end":{"line":284,"column":1}},"line":158},"5":{"name":"(anonymous_5)","decl":{"start":{"line":168,"column":24},"end":{"line":168,"column":25}},"loc":{"start":{"line":168,"column":29},"end":{"line":171,"column":5}},"line":168},"6":{"name":"(anonymous_6)","decl":{"start":{"line":169,"column":17},"end":{"line":169,"column":18}},"loc":{"start":{"line":169,"column":27},"end":{"line":169,"column":67}},"line":169},"7":{"name":"(anonymous_7)","decl":{"start":{"line":178,"column":24},"end":{"line":178,"column":25}},"loc":{"start":{"line":178,"column":33},"end":{"line":207,"column":36}},"line":178},"8":{"name":"token1","decl":{"start":{"line":211,"column":15},"end":{"line":211,"column":21}},"loc":{"start":{"line":211,"column":23},"end":{"line":240,"column":1}},"line":211},"9":{"name":"google","decl":{"start":{"line":246,"column":11},"end":{"line":246,"column":17}},"loc":{"start":{"line":246,"column":20},"end":{"line":248,"column":3}},"line":246}},"branchMap":{"0":{"loc":{"start":{"line":57,"column":4},"end":{"line":57,"column":72}},"type":"if","locations":[{"start":{"line":57,"column":4},"end":{"line":57,"column":72}},{"start":{"line":57,"column":60},"end":{"line":57,"column":72}}],"line":57},"1":{"loc":{"start":{"line":58,"column":4},"end":{"line":58,"column":81}},"type":"if","locations":[{"start":{"line":58,"column":4},"end":{"line":58,"column":81}},{"start":{"line":58,"column":66},"end":{"line":58,"column":81}}],"line":58},"2":{"loc":{"start":{"line":60,"column":4},"end":{"line":60,"column":81}},"type":"if","locations":[{"start":{"line":60,"column":4},"end":{"line":60,"column":81}},{"start":{"line":60,"column":67},"end":{"line":60,"column":81}}],"line":60},"3":{"loc":{"start":{"line":61,"column":4},"end":{"line":61,"column":78}},"type":"if","locations":[{"start":{"line":61,"column":4},"end":{"line":61,"column":78}},{"start":{"line":61,"column":66},"end":{"line":61,"column":78}}],"line":61},"4":{"loc":{"start":{"line":89,"column":4},"end":{"line":110,"column":1}},"type":"if","locations":[{"start":{"line":89,"column":4},"end":{"line":110,"column":1}},{"start":{"line":90,"column":9},"end":{"line":110,"column":1}}],"line":89},"5":{"loc":{"start":{"line":90,"column":9},"end":{"line":110,"column":1}},"type":"if","locations":[{"start":{"line":90,"column":9},"end":{"line":110,"column":1}},{"start":{"line":90,"column":65},"end":{"line":110,"column":1}}],"line":90},"6":{"loc":{"start":{"line":90,"column":65},"end":{"line":110,"column":1}},"type":"if","locations":[{"start":{"line":90,"column":65},"end":{"line":110,"column":1}},{"start":{"line":91,"column":5},"end":{"line":110,"column":1}}],"line":90},"7":{"loc":{"start":{"line":91,"column":5},"end":{"line":110,"column":1}},"type":"if","locations":[{"start":{"line":91,"column":5},"end":{"line":110,"column":1}},{"start":{"line":93,"column":8},"end":{"line":110,"column":1}}],"line":91},"8":{"loc":{"start":{"line":93,"column":8},"end":{"line":110,"column":1}},"type":"if","locations":[{"start":{"line":93,"column":8},"end":{"line":110,"column":1}},{"start":{"line":95,"column":8},"end":{"line":110,"column":1}}],"line":93},"9":{"loc":{"start":{"line":95,"column":8},"end":{"line":110,"column":1}},"type":"if","locations":[{"start":{"line":95,"column":8},"end":{"line":110,"column":1}},{"start":{"line":97,"column":7},"end":{"line":110,"column":1}}],"line":95},"10":{"loc":{"start":{"line":175,"column":25},"end":{"line":175,"column":58}},"type":"binary-expr","locations":[{"start":{"line":175,"column":25},"end":{"line":175,"column":45}},{"start":{"line":175,"column":49},"end":{"line":175,"column":58}}],"line":175},"11":{"loc":{"start":{"line":188,"column":8},"end":{"line":206,"column":33}},"type":"if","locations":[{"start":{"line":188,"column":8},"end":{"line":206,"column":33}},{"start":{"line":197,"column":8},"end":{"line":206,"column":33}}],"line":188},"12":{"loc":{"start":{"line":188,"column":11},"end":{"line":188,"column":81}},"type":"binary-expr","locations":[{"start":{"line":188,"column":11},"end":{"line":188,"column":44}},{"start":{"line":188,"column":48},"end":{"line":188,"column":81}}],"line":188},"13":{"loc":{"start":{"line":197,"column":8},"end":{"line":206,"column":33}},"type":"if","locations":[{"start":{"line":197,"column":8},"end":{"line":206,"column":33}},{"start":{"line":206,"column":12},"end":{"line":206,"column":33}}],"line":197},"14":{"loc":{"start":{"line":197,"column":11},"end":{"line":197,"column":80}},"type":"binary-expr","locations":[{"start":{"line":197,"column":11},"end":{"line":197,"column":44}},{"start":{"line":197,"column":48},"end":{"line":197,"column":80}}],"line":197},"15":{"loc":{"start":{"line":223,"column":4},"end":{"line":236,"column":5}},"type":"if","locations":[{"start":{"line":223,"column":4},"end":{"line":236,"column":5}},{"start":{"line":231,"column":10},"end":{"line":236,"column":5}}],"line":223},"16":{"loc":{"start":{"line":225,"column":8},"end":{"line":230,"column":12}},"type":"if","locations":[{"start":{"line":225,"column":8},"end":{"line":230,"column":12}},{"start":{},"end":{}}],"line":225},"17":{"loc":{"start":{"line":231,"column":10},"end":{"line":236,"column":5}},"type":"if","locations":[{"start":{"line":231,"column":10},"end":{"line":236,"column":5}},{"start":{},"end":{}}],"line":231}},"s":{"0":1,"1":1,"2":1,"3":1,"4":1,"5":1,"6":1,"7":1,"8":1,"9":1,"10":1,"11":1,"12":1,"13":1,"14":1,"15":1,"16":1,"17":0,"18":1,"19":1,"20":0,"21":1,"22":1,"23":0,"24":1,"25":1,"26":0,"27":1,"28":1,"29":1,"30":0,"31":0,"32":0,"33":0,"34":0,"35":0,"36":0,"37":0,"38":0,"39":0,"40":0,"41":0,"42":0,"43":0,"44":0,"45":0,"46":0,"47":0,"48":0,"49":0,"50":0,"51":0,"52":0,"53":0,"54":0,"55":0,"56":1,"57":1,"58":6,"59":6,"60":6,"61":4,"62":4,"63":6,"64":6,"65":6,"66":6,"67":6,"68":6,"69":2,"70":2,"71":2,"72":2,"73":2,"74":2,"75":2,"76":0,"77":0,"78":0,"79":0,"80":0,"81":0,"82":0,"83":0,"84":0,"85":0,"86":0,"87":0,"88":2,"89":6,"90":6,"91":6,"92":6,"93":6,"94":6,"95":6,"96":6,"97":0,"98":0,"99":0,"100":6,"101":0,"102":0,"103":0,"104":6,"105":0,"106":6},"f":{"0":1,"1":1,"2":1,"3":0,"4":6,"5":4,"6":4,"7":2,"8":6,"9":0},"b":{"0":[1,0],"1":[1,0],"2":[1,0],"3":[1,0],"4":[0,0],"5":[0,0],"6":[0,0],"7":[0,0],"8":[0,0],"9":[0,0],"10":[6,6],"11":[0,0],"12":[2,0],"13":[0,0],"14":[0,0],"15":[0,6],"16":[0,0],"17":[0,6]},"_coverageSchema":"1a1c01bbd47fc00a2c39e90264f33305004495a9","hash":"ef7c9987c5c894130ac16260ad83532dd7a740b0"}
,"/Users/valentinbercker/Desktop/JO243/front/src/composants/boite_dialogue_qrCode.jsx": {"path":"/Users/valentinbercker/Desktop/JO243/front/src/composants/boite_dialogue_qrCode.jsx","statementMap":{"0":{"start":{"line":6,"column":17},"end":{"line":6,"column":29}},"1":{"start":{"line":7,"column":38},"end":{"line":7,"column":52}},"2":{"start":{"line":8,"column":26},"end":{"line":8,"column":41}},"3":{"start":{"line":11,"column":4},"end":{"line":11,"column":30}},"4":{"start":{"line":12,"column":4},"end":{"line":12,"column":18}},"5":{"start":{"line":15,"column":2},"end":{"line":25,"column":4}},"6":{"start":{"line":17,"column":44},"end":{"line":17,"column":65}},"7":{"start":{"line":18,"column":63},"end":{"line":18,"column":77}}},"fnMap":{"0":{"name":"BoiteDialogue","decl":{"start":{"line":5,"column":9},"end":{"line":5,"column":22}},"loc":{"start":{"line":5,"column":30},"end":{"line":26,"column":1}},"line":5},"1":{"name":"handleShow","decl":{"start":{"line":10,"column":11},"end":{"line":10,"column":21}},"loc":{"start":{"line":10,"column":34},"end":{"line":13,"column":3}},"line":10},"2":{"name":"(anonymous_2)","decl":{"start":{"line":17,"column":37},"end":{"line":17,"column":38}},"loc":{"start":{"line":17,"column":43},"end":{"line":17,"column":66}},"line":17},"3":{"name":"(anonymous_3)","decl":{"start":{"line":18,"column":57},"end":{"line":18,"column":58}},"loc":{"start":{"line":18,"column":63},"end":{"line":18,"column":77}},"line":18}},"branchMap":{},"s":{"0":2,"1":2,"2":2,"3":1,"4":1,"5":2,"6":1,"7":0},"f":{"0":2,"1":1,"2":1,"3":0},"b":{},"_coverageSchema":"1a1c01bbd47fc00a2c39e90264f33305004495a9","hash":"1bd8443f7b6281df83c7aa529cd6747054687cc3"}
,"/Users/valentinbercker/Desktop/JO243/front/src/composants/bouton.jsx": {"path":"/Users/valentinbercker/Desktop/JO243/front/src/composants/bouton.jsx","statementMap":{"0":{"start":{"line":4,"column":4},"end":{"line":9,"column":5}}},"fnMap":{"0":{"name":"Boutton","decl":{"start":{"line":3,"column":9},"end":{"line":3,"column":16}},"loc":{"start":{"line":3,"column":23},"end":{"line":10,"column":1}},"line":3}},"branchMap":{},"s":{"0":21},"f":{"0":21},"b":{},"_coverageSchema":"1a1c01bbd47fc00a2c39e90264f33305004495a9","hash":"0a395dc4022093baba42898eb8e30ee227fe56f8"}
,"/Users/valentinbercker/Desktop/JO243/front/src/composants/card.jsx": {"path":"/Users/valentinbercker/Desktop/JO243/front/src/composants/card.jsx","statementMap":{"0":{"start":{"line":10,"column":2},"end":{"line":55,"column":3}},"1":{"start":{"line":59,"column":2},"end":{"line":68,"column":1}},"2":{"start":{"line":72,"column":2},"end":{"line":84,"column":3}},"3":{"start":{"line":87,"column":2},"end":{"line":102,"column":10}},"4":{"start":{"line":105,"column":2},"end":{"line":113,"column":3}},"5":{"start":{"line":116,"column":2},"end":{"line":139,"column":3}},"6":{"start":{"line":144,"column":28},"end":{"line":153,"column":4}},"7":{"start":{"line":155,"column":19},"end":{"line":158,"column":1}},"8":{"start":{"line":156,"column":15},"end":{"line":156,"column":29}},"9":{"start":{"line":157,"column":2},"end":{"line":157,"column":18}},"10":{"start":{"line":160,"column":4},"end":{"line":160,"column":22}},"11":{"start":{"line":161,"column":4},"end":{"line":161,"column":23}},"12":{"start":{"line":166,"column":2},"end":{"line":205,"column":3}}},"fnMap":{"0":{"name":"Carte","decl":{"start":{"line":9,"column":9},"end":{"line":9,"column":14}},"loc":{"start":{"line":9,"column":22},"end":{"line":56,"column":1}},"line":9},"1":{"name":"Card1","decl":{"start":{"line":58,"column":9},"end":{"line":58,"column":14}},"loc":{"start":{"line":58,"column":21},"end":{"line":69,"column":1}},"line":58},"2":{"name":"Card2","decl":{"start":{"line":71,"column":9},"end":{"line":71,"column":14}},"loc":{"start":{"line":71,"column":21},"end":{"line":85,"column":1}},"line":71},"3":{"name":"CardOffre","decl":{"start":{"line":86,"column":9},"end":{"line":86,"column":18}},"loc":{"start":{"line":86,"column":25},"end":{"line":103,"column":1}},"line":86},"4":{"name":"CardEbillet","decl":{"start":{"line":104,"column":9},"end":{"line":104,"column":20}},"loc":{"start":{"line":104,"column":27},"end":{"line":114,"column":1}},"line":104},"5":{"name":"CardCompte","decl":{"start":{"line":115,"column":9},"end":{"line":115,"column":19}},"loc":{"start":{"line":115,"column":26},"end":{"line":140,"column":1}},"line":115},"6":{"name":"Cardoffre1","decl":{"start":{"line":142,"column":9},"end":{"line":142,"column":19}},"loc":{"start":{"line":142,"column":26},"end":{"line":206,"column":2}},"line":142},"7":{"name":"(anonymous_7)","decl":{"start":{"line":155,"column":19},"end":{"line":155,"column":20}},"loc":{"start":{"line":155,"column":24},"end":{"line":158,"column":1}},"line":155},"8":{"name":"click","decl":{"start":{"line":159,"column":11},"end":{"line":159,"column":16}},"loc":{"start":{"line":159,"column":19},"end":{"line":163,"column":3}},"line":159}},"branchMap":{},"s":{"0":1,"1":5,"2":1,"3":1,"4":0,"5":0,"6":1,"7":1,"8":0,"9":0,"10":0,"11":0,"12":1},"f":{"0":1,"1":5,"2":1,"3":1,"4":0,"5":0,"6":1,"7":0,"8":0},"b":{},"_coverageSchema":"1a1c01bbd47fc00a2c39e90264f33305004495a9","hash":"7627bbdf081059ba67e9117fe7f622e3d740418e"}
,"/Users/valentinbercker/Desktop/JO243/front/src/composants/float.jsx": {"path":"/Users/valentinbercker/Desktop/JO243/front/src/composants/float.jsx","statementMap":{"0":{"start":{"line":6,"column":4},"end":{"line":48,"column":5}}},"fnMap":{"0":{"name":"Float","decl":{"start":{"line":5,"column":9},"end":{"line":5,"column":14}},"loc":{"start":{"line":5,"column":16},"end":{"line":49,"column":1}},"line":5}},"branchMap":{},"s":{"0":1},"f":{"0":1},"b":{},"_coverageSchema":"1a1c01bbd47fc00a2c39e90264f33305004495a9","hash":"021bca30cb7968499e5ae872d7d34ffbde1b5408"}
,"/Users/valentinbercker/Desktop/JO243/front/src/composants/offerCard.jsx": {"path":"/Users/valentinbercker/Desktop/JO243/front/src/composants/offerCard.jsx","statementMap":{"0":{"start":{"line":4,"column":4},"end":{"line":19,"column":5}}},"fnMap":{"0":{"name":"OfferCard","decl":{"start":{"line":3,"column":9},"end":{"line":3,"column":18}},"loc":{"start":{"line":3,"column":25},"end":{"line":20,"column":1}},"line":3}},"branchMap":{},"s":{"0":1},"f":{"0":1},"b":{},"_coverageSchema":"1a1c01bbd47fc00a2c39e90264f33305004495a9","hash":"b66e590b9d808a97dbf6f906a14888bd1e8e0f4e"}
,"/Users/valentinbercker/Desktop/JO243/front/src/composants/offregrid.jsx": {"path":"/Users/valentinbercker/Desktop/JO243/front/src/composants/offregrid.jsx","statementMap":{"0":{"start":{"line":9,"column":27},"end":{"line":9,"column":237}},"1":{"start":{"line":10,"column":28},"end":{"line":10,"column":40}},"2":{"start":{"line":11,"column":28},"end":{"line":11,"column":40}},"3":{"start":{"line":13,"column":20},"end":{"line":20,"column":40}},"4":{"start":{"line":14,"column":8},"end":{"line":20,"column":38}},"5":{"start":{"line":16,"column":10},"end":{"line":16,"column":41}},"6":{"start":{"line":18,"column":25},"end":{"line":18,"column":41}},"7":{"start":{"line":20,"column":20},"end":{"line":20,"column":36}},"8":{"start":{"line":22,"column":23},"end":{"line":29,"column":44}},"9":{"start":{"line":23,"column":12},"end":{"line":29,"column":42}},"10":{"start":{"line":25,"column":14},"end":{"line":25,"column":45}},"11":{"start":{"line":27,"column":29},"end":{"line":27,"column":45}},"12":{"start":{"line":29,"column":24},"end":{"line":29,"column":40}},"13":{"start":{"line":32,"column":4},"end":{"line":36,"column":11}},"14":{"start":{"line":33,"column":7},"end":{"line":33,"column":16}},"15":{"start":{"line":34,"column":7},"end":{"line":34,"column":16}},"16":{"start":{"line":40,"column":4},"end":{"line":64,"column":5}},"17":{"start":{"line":45,"column":41},"end":{"line":53,"column":27}},"18":{"start":{"line":49,"column":54},"end":{"line":49,"column":81}},"19":{"start":{"line":49,"column":98},"end":{"line":49,"column":304}}},"fnMap":{"0":{"name":"OffreGrid","decl":{"start":{"line":7,"column":9},"end":{"line":7,"column":18}},"loc":{"start":{"line":7,"column":21},"end":{"line":65,"column":1}},"line":7},"1":{"name":"(anonymous_1)","decl":{"start":{"line":13,"column":20},"end":{"line":13,"column":21}},"loc":{"start":{"line":13,"column":24},"end":{"line":20,"column":40}},"line":13},"2":{"name":"(anonymous_2)","decl":{"start":{"line":15,"column":14},"end":{"line":15,"column":15}},"loc":{"start":{"line":15,"column":26},"end":{"line":17,"column":9}},"line":15},"3":{"name":"(anonymous_3)","decl":{"start":{"line":18,"column":14},"end":{"line":18,"column":15}},"loc":{"start":{"line":18,"column":24},"end":{"line":19,"column":11}},"line":18},"4":{"name":"(anonymous_4)","decl":{"start":{"line":20,"column":15},"end":{"line":20,"column":16}},"loc":{"start":{"line":20,"column":20},"end":{"line":20,"column":36}},"line":20},"5":{"name":"(anonymous_5)","decl":{"start":{"line":22,"column":23},"end":{"line":22,"column":24}},"loc":{"start":{"line":22,"column":27},"end":{"line":29,"column":44}},"line":22},"6":{"name":"(anonymous_6)","decl":{"start":{"line":24,"column":18},"end":{"line":24,"column":19}},"loc":{"start":{"line":24,"column":30},"end":{"line":26,"column":13}},"line":24},"7":{"name":"(anonymous_7)","decl":{"start":{"line":27,"column":18},"end":{"line":27,"column":19}},"loc":{"start":{"line":27,"column":28},"end":{"line":28,"column":15}},"line":27},"8":{"name":"(anonymous_8)","decl":{"start":{"line":29,"column":19},"end":{"line":29,"column":20}},"loc":{"start":{"line":29,"column":24},"end":{"line":29,"column":40}},"line":29},"9":{"name":"(anonymous_9)","decl":{"start":{"line":32,"column":14},"end":{"line":32,"column":15}},"loc":{"start":{"line":32,"column":18},"end":{"line":36,"column":7}},"line":32},"10":{"name":"(anonymous_10)","decl":{"start":{"line":45,"column":31},"end":{"line":45,"column":32}},"loc":{"start":{"line":45,"column":40},"end":{"line":53,"column":28}},"line":45},"11":{"name":"(anonymous_11)","decl":{"start":{"line":49,"column":44},"end":{"line":49,"column":45}},"loc":{"start":{"line":49,"column":54},"end":{"line":49,"column":81}},"line":49},"12":{"name":"(anonymous_12)","decl":{"start":{"line":49,"column":87},"end":{"line":49,"column":88}},"loc":{"start":{"line":49,"column":97},"end":{"line":49,"column":305}},"line":49}},"branchMap":{},"s":{"0":1,"1":1,"2":1,"3":1,"4":1,"5":1,"6":1,"7":0,"8":1,"9":1,"10":1,"11":1,"12":0,"13":1,"14":1,"15":1,"16":1,"17":0,"18":0,"19":0},"f":{"0":1,"1":1,"2":1,"3":1,"4":0,"5":1,"6":1,"7":1,"8":0,"9":1,"10":0,"11":0,"12":0},"b":{},"_coverageSchema":"1a1c01bbd47fc00a2c39e90264f33305004495a9","hash":"71471d4344d706f89f5ac088b37df1e7e9c48527"}
,"/Users/valentinbercker/Desktop/JO243/front/src/composants/table.jsx": {"path":"/Users/valentinbercker/Desktop/JO243/front/src/composants/table.jsx","statementMap":{"0":{"start":{"line":5,"column":4},"end":{"line":27,"column":11}}},"fnMap":{"0":{"name":"Table","decl":{"start":{"line":3,"column":16},"end":{"line":3,"column":21}},"loc":{"start":{"line":3,"column":28},"end":{"line":28,"column":1}},"line":3}},"branchMap":{},"s":{"0":1},"f":{"0":1},"b":{},"_coverageSchema":"1a1c01bbd47fc00a2c39e90264f33305004495a9","hash":"152c63baa2c71e9292c1bfb78194d84de1b4a7df"}
,"/Users/valentinbercker/Desktop/JO243/front/src/composants/textbtn.jsx": {"path":"/Users/valentinbercker/Desktop/JO243/front/src/composants/textbtn.jsx","statementMap":{"0":{"start":{"line":6,"column":4},"end":{"line":13,"column":6}},"1":{"start":{"line":17,"column":4},"end":{"line":37,"column":5}}},"fnMap":{"0":{"name":"Textebtn","decl":{"start":{"line":5,"column":9},"end":{"line":5,"column":17}},"loc":{"start":{"line":5,"column":25},"end":{"line":14,"column":1}},"line":5},"1":{"name":"GridSport","decl":{"start":{"line":16,"column":9},"end":{"line":16,"column":18}},"loc":{"start":{"line":16,"column":20},"end":{"line":38,"column":1}},"line":16}},"branchMap":{},"s":{"0":1,"1":1},"f":{"0":1,"1":1},"b":{},"_coverageSchema":"1a1c01bbd47fc00a2c39e90264f33305004495a9","hash":"ed6e7780e3c6d277d30a961eab846f5f2241eb76"}
,"/Users/valentinbercker/Desktop/JO243/front/src/composants/securite_cookies_token_auth_localstorage/auth.jsx": {"path":"/Users/valentinbercker/Desktop/JO243/front/src/composants/securite_cookies_token_auth_localstorage/auth.jsx","statementMap":{"0":{"start":{"line":5,"column":20},"end":{"line":5,"column":39}},"1":{"start":{"line":7,"column":28},"end":{"line":24,"column":1}},"2":{"start":{"line":8,"column":26},"end":{"line":8,"column":40}},"3":{"start":{"line":10,"column":16},"end":{"line":13,"column":3}},"4":{"start":{"line":11,"column":4},"end":{"line":11,"column":17}},"5":{"start":{"line":15,"column":17},"end":{"line":17,"column":3}},"6":{"start":{"line":16,"column":4},"end":{"line":16,"column":17}},"7":{"start":{"line":19,"column":2},"end":{"line":23,"column":3}},"8":{"start":{"line":26,"column":23},"end":{"line":28,"column":1}},"9":{"start":{"line":27,"column":2},"end":{"line":27,"column":32}}},"fnMap":{"0":{"name":"(anonymous_0)","decl":{"start":{"line":7,"column":28},"end":{"line":7,"column":29}},"loc":{"start":{"line":7,"column":46},"end":{"line":24,"column":1}},"line":7},"1":{"name":"(anonymous_1)","decl":{"start":{"line":10,"column":16},"end":{"line":10,"column":17}},"loc":{"start":{"line":10,"column":24},"end":{"line":13,"column":3}},"line":10},"2":{"name":"(anonymous_2)","decl":{"start":{"line":15,"column":17},"end":{"line":15,"column":18}},"loc":{"start":{"line":15,"column":23},"end":{"line":17,"column":3}},"line":15},"3":{"name":"(anonymous_3)","decl":{"start":{"line":26,"column":23},"end":{"line":26,"column":24}},"loc":{"start":{"line":26,"column":29},"end":{"line":28,"column":1}},"line":26}},"branchMap":{},"s":{"0":2,"1":2,"2":5,"3":5,"4":2,"5":5,"6":1,"7":5,"8":2,"9":10},"f":{"0":5,"1":2,"2":1,"3":10},"b":{},"_coverageSchema":"1a1c01bbd47fc00a2c39e90264f33305004495a9","hash":"2627e2d4fe7110d5207ed34c9e14b0e6b30c9bf4"}
,"/Users/valentinbercker/Desktop/JO243/front/src/composants/securite_cookies_token_auth_localstorage/cookies.js": {"path":"/Users/valentinbercker/Desktop/JO243/front/src/composants/securite_cookies_token_auth_localstorage/cookies.js","statementMap":{"0":{"start":{"line":7,"column":20},"end":{"line":7,"column":47}},"1":{"start":{"line":8,"column":18},"end":{"line":10,"column":23}},"2":{"start":{"line":9,"column":19},"end":{"line":9,"column":43}},"3":{"start":{"line":11,"column":4},"end":{"line":13,"column":5}},"4":{"start":{"line":12,"column":8},"end":{"line":12,"column":19}},"5":{"start":{"line":14,"column":4},"end":{"line":14,"column":36}},"6":{"start":{"line":24,"column":17},"end":{"line":24,"column":27}},"7":{"start":{"line":25,"column":4},"end":{"line":25,"column":39}},"8":{"start":{"line":26,"column":4},"end":{"line":26,"column":92}}},"fnMap":{"0":{"name":"getCookie","decl":{"start":{"line":6,"column":9},"end":{"line":6,"column":18}},"loc":{"start":{"line":6,"column":25},"end":{"line":15,"column":1}},"line":6},"1":{"name":"(anonymous_1)","decl":{"start":{"line":9,"column":14},"end":{"line":9,"column":15}},"loc":{"start":{"line":9,"column":19},"end":{"line":9,"column":43}},"line":9},"2":{"name":"setCookie","decl":{"start":{"line":23,"column":9},"end":{"line":23,"column":18}},"loc":{"start":{"line":23,"column":38},"end":{"line":27,"column":1}},"line":23}},"branchMap":{"0":{"loc":{"start":{"line":11,"column":4},"end":{"line":13,"column":5}},"type":"if","locations":[{"start":{"line":11,"column":4},"end":{"line":13,"column":5}},{"start":{},"end":{}}],"line":11}},"s":{"0":0,"1":0,"2":0,"3":0,"4":0,"5":0,"6":0,"7":0,"8":0},"f":{"0":0,"1":0,"2":0},"b":{"0":[0,0]},"_coverageSchema":"1a1c01bbd47fc00a2c39e90264f33305004495a9","hash":"3bf990334c16d5da9eca0350069fb124430dba08"}
,"/Users/valentinbercker/Desktop/JO243/front/src/composants/securite_cookies_token_auth_localstorage/gestionpanier.jsx": {"path":"/Users/valentinbercker/Desktop/JO243/front/src/composants/securite_cookies_token_auth_localstorage/gestionpanier.jsx","statementMap":{"0":{"start":{"line":4,"column":4},"end":{"line":4,"column":53}},"1":{"start":{"line":7,"column":19},"end":{"line":7,"column":47}},"2":{"start":{"line":8,"column":9},"end":{"line":12,"column":10}},"3":{"start":{"line":9,"column":13},"end":{"line":9,"column":23}},"4":{"start":{"line":11,"column":13},"end":{"line":11,"column":37}},"5":{"start":{"line":15,"column":0},"end":{"line":15,"column":55}},"6":{"start":{"line":19,"column":17},"end":{"line":19,"column":48}},"7":{"start":{"line":20,"column":4},"end":{"line":24,"column":5}},"8":{"start":{"line":21,"column":8},"end":{"line":21,"column":18}},"9":{"start":{"line":23,"column":8},"end":{"line":23,"column":35}},"10":{"start":{"line":27,"column":15},"end":{"line":27,"column":27}},"11":{"start":{"line":28,"column":20},"end":{"line":28,"column":56}},"12":{"start":{"line":28,"column":38},"end":{"line":28,"column":55}},"13":{"start":{"line":30,"column":1},"end":{"line":35,"column":1}},"14":{"start":{"line":31,"column":4},"end":{"line":31,"column":28}},"15":{"start":{"line":33,"column":4},"end":{"line":33,"column":25}},"16":{"start":{"line":34,"column":5},"end":{"line":34,"column":26}},"17":{"start":{"line":37,"column":1},"end":{"line":37,"column":21}},"18":{"start":{"line":44,"column":18},"end":{"line":44,"column":30}},"19":{"start":{"line":45,"column":4},"end":{"line":45,"column":52}},"20":{"start":{"line":45,"column":32},"end":{"line":45,"column":50}},"21":{"start":{"line":46,"column":4},"end":{"line":46,"column":24}},"22":{"start":{"line":53,"column":17},"end":{"line":53,"column":29}},"23":{"start":{"line":54,"column":23},"end":{"line":54,"column":59}},"24":{"start":{"line":54,"column":40},"end":{"line":54,"column":58}},"25":{"start":{"line":56,"column":4},"end":{"line":64,"column":4}},"26":{"start":{"line":57,"column":7},"end":{"line":57,"column":41}},"27":{"start":{"line":58,"column":7},"end":{"line":63,"column":8}},"28":{"start":{"line":59,"column":8},"end":{"line":59,"column":29}},"29":{"start":{"line":62,"column":8},"end":{"line":62,"column":28}},"30":{"start":{"line":70,"column":18},"end":{"line":70,"column":30}},"31":{"start":{"line":71,"column":17},"end":{"line":71,"column":18}},"32":{"start":{"line":73,"column":4},"end":{"line":75,"column":5}},"33":{"start":{"line":74,"column":8},"end":{"line":74,"column":34}},"34":{"start":{"line":76,"column":4},"end":{"line":76,"column":18}},"35":{"start":{"line":81,"column":18},"end":{"line":81,"column":30}},"36":{"start":{"line":82,"column":16},"end":{"line":82,"column":17}},"37":{"start":{"line":84,"column":4},"end":{"line":86,"column":5}},"38":{"start":{"line":85,"column":8},"end":{"line":85,"column":46}},"39":{"start":{"line":87,"column":4},"end":{"line":87,"column":17}}},"fnMap":{"0":{"name":"saveuser","decl":{"start":{"line":3,"column":9},"end":{"line":3,"column":17}},"loc":{"start":{"line":3,"column":23},"end":{"line":5,"column":5}},"line":3},"1":{"name":"getuser","decl":{"start":{"line":6,"column":13},"end":{"line":6,"column":20}},"loc":{"start":{"line":6,"column":22},"end":{"line":13,"column":6}},"line":6},"2":{"name":"saveTickets","decl":{"start":{"line":14,"column":9},"end":{"line":14,"column":20}},"loc":{"start":{"line":14,"column":29},"end":{"line":16,"column":1}},"line":14},"3":{"name":"getTickets","decl":{"start":{"line":18,"column":9},"end":{"line":18,"column":19}},"loc":{"start":{"line":18,"column":21},"end":{"line":25,"column":1}},"line":18},"4":{"name":"addTickets","decl":{"start":{"line":26,"column":9},"end":{"line":26,"column":19}},"loc":{"start":{"line":26,"column":27},"end":{"line":38,"column":1}},"line":26},"5":{"name":"(anonymous_5)","decl":{"start":{"line":28,"column":34},"end":{"line":28,"column":35}},"loc":{"start":{"line":28,"column":38},"end":{"line":28,"column":55}},"line":28},"6":{"name":"remove","decl":{"start":{"line":42,"column":9},"end":{"line":42,"column":15}},"loc":{"start":{"line":42,"column":24},"end":{"line":47,"column":1}},"line":42},"7":{"name":"(anonymous_7)","decl":{"start":{"line":45,"column":29},"end":{"line":45,"column":30}},"loc":{"start":{"line":45,"column":32},"end":{"line":45,"column":50}},"line":45},"8":{"name":"changeQuantity","decl":{"start":{"line":51,"column":9},"end":{"line":51,"column":23}},"loc":{"start":{"line":51,"column":41},"end":{"line":67,"column":1}},"line":51},"9":{"name":"(anonymous_9)","decl":{"start":{"line":54,"column":36},"end":{"line":54,"column":37}},"loc":{"start":{"line":54,"column":40},"end":{"line":54,"column":58}},"line":54},"10":{"name":"getNumberTickerts","decl":{"start":{"line":69,"column":9},"end":{"line":69,"column":26}},"loc":{"start":{"line":69,"column":28},"end":{"line":77,"column":1}},"line":69},"11":{"name":"getTotalPrice","decl":{"start":{"line":79,"column":9},"end":{"line":79,"column":22}},"loc":{"start":{"line":79,"column":24},"end":{"line":88,"column":1}},"line":79}},"branchMap":{"0":{"loc":{"start":{"line":8,"column":9},"end":{"line":12,"column":10}},"type":"if","locations":[{"start":{"line":8,"column":9},"end":{"line":12,"column":10}},{"start":{"line":10,"column":14},"end":{"line":12,"column":10}}],"line":8},"1":{"loc":{"start":{"line":20,"column":4},"end":{"line":24,"column":5}},"type":"if","locations":[{"start":{"line":20,"column":4},"end":{"line":24,"column":5}},{"start":{"line":22,"column":9},"end":{"line":24,"column":5}}],"line":20},"2":{"loc":{"start":{"line":30,"column":1},"end":{"line":35,"column":1}},"type":"if","locations":[{"start":{"line":30,"column":1},"end":{"line":35,"column":1}},{"start":{"line":32,"column":5},"end":{"line":35,"column":1}}],"line":30},"3":{"loc":{"start":{"line":56,"column":4},"end":{"line":64,"column":4}},"type":"if","locations":[{"start":{"line":56,"column":4},"end":{"line":64,"column":4}},{"start":{},"end":{}}],"line":56},"4":{"loc":{"start":{"line":58,"column":7},"end":{"line":63,"column":8}},"type":"if","locations":[{"start":{"line":58,"column":7},"end":{"line":63,"column":8}},{"start":{"line":60,"column":12},"end":{"line":63,"column":8}}],"line":58}},"s":{"0":1,"1":2,"2":2,"3":1,"4":1,"5":4,"6":7,"7":7,"8":3,"9":4,"10":3,"11":3,"12":1,"13":3,"14":1,"15":2,"16":2,"17":3,"18":0,"19":0,"20":0,"21":0,"22":0,"23":0,"24":0,"25":0,"26":0,"27":0,"28":0,"29":0,"30":0,"31":0,"32":0,"33":0,"34":0,"35":0,"36":0,"37":0,"38":0,"39":0},"f":{"0":1,"1":2,"2":4,"3":7,"4":3,"5":1,"6":0,"7":0,"8":0,"9":0,"10":0,"11":0},"b":{"0":[1,1],"1":[3,4],"2":[1,2],"3":[0,0],"4":[0,0]},"_coverageSchema":"1a1c01bbd47fc00a2c39e90264f33305004495a9","hash":"bf0408d23bfc9c1a72a45fd82e1e4c1ebcae17a8"}
,"/Users/valentinbercker/Desktop/JO243/front/src/composants/securite_cookies_token_auth_localstorage/servicetoken.jsx": {"path":"/Users/valentinbercker/Desktop/JO243/front/src/composants/securite_cookies_token_auth_localstorage/servicetoken.jsx","statementMap":{"0":{"start":{"line":9,"column":12},"end":{"line":11,"column":1}},"1":{"start":{"line":10,"column":4},"end":{"line":10,"column":49}},"2":{"start":{"line":17,"column":16},"end":{"line":19,"column":1}},"3":{"start":{"line":18,"column":4},"end":{"line":18,"column":40}},"4":{"start":{"line":21,"column":21},"end":{"line":23,"column":1}},"5":{"start":{"line":22,"column":4},"end":{"line":22,"column":40}},"6":{"start":{"line":28,"column":13},"end":{"line":30,"column":1}},"7":{"start":{"line":29,"column":4},"end":{"line":29,"column":36}},"8":{"start":{"line":36,"column":15},"end":{"line":39,"column":1}},"9":{"start":{"line":37,"column":16},"end":{"line":37,"column":45}},"10":{"start":{"line":38,"column":4},"end":{"line":38,"column":18}},"11":{"start":{"line":45,"column":15},"end":{"line":47,"column":1}},"12":{"start":{"line":46,"column":4},"end":{"line":46,"column":40}},"13":{"start":{"line":53,"column":19},"end":{"line":55,"column":1}},"14":{"start":{"line":54,"column":4},"end":{"line":54,"column":32}},"15":{"start":{"line":58,"column":30},"end":{"line":60,"column":1}}},"fnMap":{"0":{"name":"(anonymous_0)","decl":{"start":{"line":9,"column":12},"end":{"line":9,"column":13}},"loc":{"start":{"line":9,"column":29},"end":{"line":11,"column":1}},"line":9},"1":{"name":"(anonymous_1)","decl":{"start":{"line":17,"column":16},"end":{"line":17,"column":17}},"loc":{"start":{"line":17,"column":27},"end":{"line":19,"column":1}},"line":17},"2":{"name":"(anonymous_2)","decl":{"start":{"line":21,"column":21},"end":{"line":21,"column":22}},"loc":{"start":{"line":21,"column":32},"end":{"line":23,"column":1}},"line":21},"3":{"name":"(anonymous_3)","decl":{"start":{"line":28,"column":13},"end":{"line":28,"column":14}},"loc":{"start":{"line":28,"column":19},"end":{"line":30,"column":1}},"line":28},"4":{"name":"(anonymous_4)","decl":{"start":{"line":36,"column":15},"end":{"line":36,"column":16}},"loc":{"start":{"line":36,"column":21},"end":{"line":39,"column":1}},"line":36},"5":{"name":"(anonymous_5)","decl":{"start":{"line":45,"column":15},"end":{"line":45,"column":16}},"loc":{"start":{"line":45,"column":21},"end":{"line":47,"column":1}},"line":45},"6":{"name":"(anonymous_6)","decl":{"start":{"line":53,"column":19},"end":{"line":53,"column":20}},"loc":{"start":{"line":53,"column":25},"end":{"line":55,"column":1}},"line":53}},"branchMap":{},"s":{"0":1,"1":0,"2":1,"3":0,"4":1,"5":0,"6":1,"7":0,"8":1,"9":0,"10":0,"11":1,"12":0,"13":1,"14":0,"15":1},"f":{"0":0,"1":0,"2":0,"3":0,"4":0,"5":0,"6":0},"b":{},"_coverageSchema":"1a1c01bbd47fc00a2c39e90264f33305004495a9","hash":"307355a51dbba62f11b23d144e06fba305056b1c"}
,"/Users/valentinbercker/Desktop/JO243/front/src/composants/securite_cookies_token_auth_localstorage/validationForm.jsx": {"path":"/Users/valentinbercker/Desktop/JO243/front/src/composants/securite_cookies_token_auth_localstorage/validationForm.jsx","statementMap":{"0":{"start":{"line":5,"column":27},"end":{"line":9,"column":2}},"1":{"start":{"line":11,"column":24},"end":{"line":14,"column":2}},"2":{"start":{"line":16,"column":25},"end":{"line":21,"column":2}},"3":{"start":{"line":22,"column":24},"end":{"line":27,"column":2}},"4":{"start":{"line":30,"column":27},"end":{"line":35,"column":2}},"5":{"start":{"line":36,"column":27},"end":{"line":41,"column":2}},"6":{"start":{"line":42,"column":27},"end":{"line":47,"column":2}},"7":{"start":{"line":48,"column":24},"end":{"line":53,"column":2}}},"fnMap":{},"branchMap":{},"s":{"0":1,"1":1,"2":1,"3":1,"4":1,"5":1,"6":1,"7":1},"f":{},"b":{},"_coverageSchema":"1a1c01bbd47fc00a2c39e90264f33305004495a9","hash":"7ea640906b74dd1e9040c340fcbe6a74fcc4d7df"}
,"/Users/valentinbercker/Desktop/JO243/front/src/composants/template/footer.jsx": {"path":"/Users/valentinbercker/Desktop/JO243/front/src/composants/template/footer.jsx","statementMap":{"0":{"start":{"line":5,"column":4},"end":{"line":34,"column":5}}},"fnMap":{"0":{"name":"Footer","decl":{"start":{"line":4,"column":9},"end":{"line":4,"column":15}},"loc":{"start":{"line":4,"column":17},"end":{"line":35,"column":1}},"line":4}},"branchMap":{},"s":{"0":2},"f":{"0":2},"b":{},"_coverageSchema":"1a1c01bbd47fc00a2c39e90264f33305004495a9","hash":"2cc474ff0e846609341ec1542c93a6c14ccc0b2c"}
,"/Users/valentinbercker/Desktop/JO243/front/src/composants/template/headerNavbar.jsx": {"path":"/Users/valentinbercker/Desktop/JO243/front/src/composants/template/headerNavbar.jsx","statementMap":{"0":{"start":{"line":14,"column":19},"end":{"line":14,"column":32}},"1":{"start":{"line":15,"column":15},"end":{"line":15,"column":24}},"2":{"start":{"line":16,"column":23},"end":{"line":21,"column":3}},"3":{"start":{"line":17,"column":4},"end":{"line":17,"column":17}},"4":{"start":{"line":18,"column":4},"end":{"line":18,"column":36}},"5":{"start":{"line":19,"column":4},"end":{"line":19,"column":36}},"6":{"start":{"line":20,"column":4},"end":{"line":20,"column":17}},"7":{"start":{"line":28,"column":2},"end":{"line":95,"column":2}},"8":{"start":{"line":108,"column":2},"end":{"line":151,"column":2}},"9":{"start":{"line":156,"column":2},"end":{"line":170,"column":11}},"10":{"start":{"line":174,"column":6},"end":{"line":185,"column":15}}},"fnMap":{"0":{"name":"Nav","decl":{"start":{"line":13,"column":9},"end":{"line":13,"column":12}},"loc":{"start":{"line":13,"column":14},"end":{"line":96,"column":1}},"line":13},"1":{"name":"(anonymous_1)","decl":{"start":{"line":16,"column":23},"end":{"line":16,"column":24}},"loc":{"start":{"line":16,"column":29},"end":{"line":21,"column":3}},"line":16},"2":{"name":"Nav1","decl":{"start":{"line":106,"column":9},"end":{"line":106,"column":13}},"loc":{"start":{"line":106,"column":20},"end":{"line":152,"column":1}},"line":106},"3":{"name":"Header","decl":{"start":{"line":154,"column":9},"end":{"line":154,"column":15}},"loc":{"start":{"line":156,"column":0},"end":{"line":170,"column":12}},"line":156},"4":{"name":"Header1","decl":{"start":{"line":172,"column":13},"end":{"line":172,"column":20}},"loc":{"start":{"line":174,"column":4},"end":{"line":185,"column":16}},"line":174}},"branchMap":{"0":{"loc":{"start":{"line":80,"column":1},"end":{"line":85,"column":7}},"type":"binary-expr","locations":[{"start":{"line":80,"column":1},"end":{"line":80,"column":11}},{"start":{"line":80,"column":16},"end":{"line":83,"column":6}}],"line":80},"1":{"loc":{"start":{"line":86,"column":1},"end":{"line":88,"column":1}},"type":"binary-expr","locations":[{"start":{"line":86,"column":1},"end":{"line":86,"column":10}},{"start":{"line":87,"column":2},"end":{"line":87,"column":83}}],"line":86}},"s":{"0":1,"1":1,"2":1,"3":0,"4":0,"5":0,"6":0,"7":1,"8":0,"9":1,"10":1},"f":{"0":1,"1":0,"2":0,"3":1,"4":1},"b":{"0":[1,1],"1":[1,0]},"_coverageSchema":"1a1c01bbd47fc00a2c39e90264f33305004495a9","hash":"50bfc26ab6c7ab7de94bcd1a2016d01436a995f3"}
,"/Users/valentinbercker/Desktop/JO243/front/src/composants/template/sidebar.jsx": {"path":"/Users/valentinbercker/Desktop/JO243/front/src/composants/template/sidebar.jsx","statementMap":{"0":{"start":{"line":9,"column":4},"end":{"line":9,"column":64}},"1":{"start":{"line":14,"column":4},"end":{"line":14,"column":63}},"2":{"start":{"line":16,"column":2},"end":{"line":58,"column":3}}},"fnMap":{"0":{"name":"Sidebar","decl":{"start":{"line":7,"column":9},"end":{"line":7,"column":16}},"loc":{"start":{"line":7,"column":23},"end":{"line":59,"column":1}},"line":7},"1":{"name":"w3_open","decl":{"start":{"line":8,"column":11},"end":{"line":8,"column":18}},"loc":{"start":{"line":8,"column":21},"end":{"line":11,"column":3}},"line":8},"2":{"name":"w3_close","decl":{"start":{"line":13,"column":11},"end":{"line":13,"column":19}},"loc":{"start":{"line":13,"column":22},"end":{"line":15,"column":3}},"line":13}},"branchMap":{},"s":{"0":0,"1":0,"2":1},"f":{"0":1,"1":0,"2":0},"b":{},"_coverageSchema":"1a1c01bbd47fc00a2c39e90264f33305004495a9","hash":"af4b90a752316c8a91b2fb96fe8c43f4fda970c2"}
}
