TN:
SF:src/Pages/front/sumteste.js
FN:1,sum
FNF:1
FNH:1
FNDA:1,sum
DA:2,1
DA:4,1
LF:2
LH:2
BRF:0
BRH:0
end_of_record
TN:
SF:src/composants/FormCO.jsx
FN:17,FormRE
FN:37,(anonymous_1)
FN:64,(anonymous_2)
FN:68,(anonymous_3)
FN:158,LogIN
FN:168,(anonymous_5)
FN:169,(anonymous_6)
FN:178,(anonymous_7)
FN:211,token1
FN:246,google
FNF:10
FNH:8
FNDA:1,FormRE
FNDA:1,(anonymous_1)
FNDA:1,(anonymous_2)
FNDA:0,(anonymous_3)
FNDA:6,LogIN
FNDA:4,(anonymous_5)
FNDA:4,(anonymous_6)
FNDA:2,(anonymous_7)
FNDA:6,token1
FNDA:0,google
DA:19,1
DA:30,1
DA:31,1
DA:32,1
DA:33,1
DA:34,1
DA:37,1
DA:39,1
DA:42,1
DA:45,1
DA:48,1
DA:52,1
DA:53,1
DA:54,1
DA:55,1
DA:57,1
DA:58,1
DA:60,1
DA:61,1
DA:64,1
DA:68,1
DA:69,0
DA:71,0
DA:74,0
DA:77,0
DA:80,0
DA:84,0
DA:85,0
DA:86,0
DA:87,0
DA:89,0
DA:90,0
DA:91,0
DA:93,0
DA:95,0
DA:100,0
DA:101,0
DA:103,0
DA:104,0
DA:107,0
DA:112,1
DA:114,1
DA:160,6
DA:166,6
DA:168,6
DA:169,4
DA:172,6
DA:173,6
DA:174,6
DA:175,6
DA:176,6
DA:178,6
DA:179,2
DA:181,2
DA:183,2
DA:184,2
DA:185,2
DA:188,2
DA:190,0
DA:191,0
DA:192,0
DA:193,0
DA:195,0
DA:197,0
DA:199,0
DA:200,0
DA:201,0
DA:202,0
DA:204,0
DA:206,0
DA:207,2
DA:213,6
DA:214,6
DA:218,6
DA:220,6
DA:221,6
DA:222,6
DA:223,6
DA:225,0
DA:227,0
DA:228,0
DA:231,6
DA:233,0
DA:234,0
DA:238,0
DA:242,6
DA:247,0
DA:252,6
LF:88
LH:50
BRDA:57,0,0,1
BRDA:57,0,1,0
BRDA:58,1,0,1
BRDA:58,1,1,0
BRDA:60,2,0,1
BRDA:60,2,1,0
BRDA:61,3,0,1
BRDA:61,3,1,0
BRDA:89,4,0,0
BRDA:89,4,1,0
BRDA:90,5,0,0
BRDA:90,5,1,0
BRDA:90,6,0,0
BRDA:90,6,1,0
BRDA:91,7,0,0
BRDA:91,7,1,0
BRDA:93,8,0,0
BRDA:93,8,1,0
BRDA:95,9,0,0
BRDA:95,9,1,0
BRDA:175,10,0,6
BRDA:175,10,1,6
BRDA:188,11,0,0
BRDA:188,11,1,0
BRDA:188,12,0,2
BRDA:188,12,1,0
BRDA:197,13,0,0
BRDA:197,13,1,0
BRDA:197,14,0,0
BRDA:197,14,1,0
BRDA:223,15,0,0
BRDA:223,15,1,6
BRDA:225,16,0,0
BRDA:225,16,1,0
BRDA:231,17,0,0
BRDA:231,17,1,6
BRF:36
BRH:9
end_of_record
TN:
SF:src/composants/boite_dialogue_qrCode.jsx
FN:5,BoiteDialogue
FN:10,handleShow
FN:17,(anonymous_2)
FN:18,(anonymous_3)
FNF:4
FNH:3
FNDA:2,BoiteDialogue
FNDA:1,handleShow
FNDA:1,(anonymous_2)
FNDA:0,(anonymous_3)
DA:6,2
DA:7,2
DA:8,2
DA:11,1
DA:12,1
DA:15,2
DA:17,1
DA:18,0
LF:8
LH:7
BRF:0
BRH:0
end_of_record
TN:
SF:src/composants/bouton.jsx
FN:3,Boutton
FNF:1
FNH:1
FNDA:21,Boutton
DA:4,21
LF:1
LH:1
BRF:0
BRH:0
end_of_record
TN:
SF:src/composants/card.jsx
FN:9,Carte
FN:58,Card1
FN:71,Card2
FN:86,CardOffre
FN:104,CardEbillet
FN:115,CardCompte
FN:142,Cardoffre1
FN:155,(anonymous_7)
FN:159,click
FNF:9
FNH:5
FNDA:1,Carte
FNDA:5,Card1
FNDA:1,Card2
FNDA:1,CardOffre
FNDA:0,CardEbillet
FNDA:0,CardCompte
FNDA:1,Cardoffre1
FNDA:0,(anonymous_7)
FNDA:0,click
DA:10,1
DA:59,5
DA:72,1
DA:87,1
DA:105,0
DA:116,0
DA:144,1
DA:155,1
DA:156,0
DA:157,0
DA:160,0
DA:161,0
DA:166,1
LF:13
LH:7
BRF:0
BRH:0
end_of_record
TN:
SF:src/composants/float.jsx
FN:5,Float
FNF:1
FNH:1
FNDA:1,Float
DA:6,1
LF:1
LH:1
BRF:0
BRH:0
end_of_record
TN:
SF:src/composants/offerCard.jsx
FN:3,OfferCard
FNF:1
FNH:1
FNDA:1,OfferCard
DA:4,1
LF:1
LH:1
BRF:0
BRH:0
end_of_record
TN:
SF:src/composants/offregrid.jsx
FN:7,OffreGrid
FN:13,(anonymous_1)
FN:15,(anonymous_2)
FN:18,(anonymous_3)
FN:20,(anonymous_4)
FN:22,(anonymous_5)
FN:24,(anonymous_6)
FN:27,(anonymous_7)
FN:29,(anonymous_8)
FN:32,(anonymous_9)
FN:45,(anonymous_10)
FN:49,(anonymous_11)
FN:49,(anonymous_12)
FNF:13
FNH:8
FNDA:1,OffreGrid
FNDA:1,(anonymous_1)
FNDA:1,(anonymous_2)
FNDA:1,(anonymous_3)
FNDA:0,(anonymous_4)
FNDA:1,(anonymous_5)
FNDA:1,(anonymous_6)
FNDA:1,(anonymous_7)
FNDA:0,(anonymous_8)
FNDA:1,(anonymous_9)
FNDA:0,(anonymous_10)
FNDA:0,(anonymous_11)
FNDA:0,(anonymous_12)
DA:9,1
DA:10,1
DA:11,1
DA:13,1
DA:14,1
DA:16,1
DA:18,1
DA:20,0
DA:22,1
DA:23,1
DA:25,1
DA:27,1
DA:29,0
DA:32,1
DA:33,1
DA:34,1
DA:40,1
DA:45,0
DA:49,0
LF:19
LH:15
BRF:0
BRH:0
end_of_record
TN:
SF:src/composants/table.jsx
FN:3,Table
FNF:1
FNH:1
FNDA:1,Table
DA:5,1
LF:1
LH:1
BRF:0
BRH:0
end_of_record
TN:
SF:src/composants/textbtn.jsx
FN:5,Textebtn
FN:16,GridSport
FNF:2
FNH:2
FNDA:1,Textebtn
FNDA:1,GridSport
DA:6,1
DA:17,1
LF:2
LH:2
BRF:0
BRH:0
end_of_record
TN:
SF:src/composants/securite_cookies_token_auth_localstorage/auth.jsx
FN:7,(anonymous_0)
FN:10,(anonymous_1)
FN:15,(anonymous_2)
FN:26,(anonymous_3)
FNF:4
FNH:4
FNDA:5,(anonymous_0)
FNDA:2,(anonymous_1)
FNDA:1,(anonymous_2)
FNDA:10,(anonymous_3)
DA:5,2
DA:7,2
DA:8,5
DA:10,5
DA:11,2
DA:15,5
DA:16,1
DA:19,5
DA:26,2
DA:27,10
LF:10
LH:10
BRF:0
BRH:0
end_of_record
TN:
SF:src/composants/securite_cookies_token_auth_localstorage/cookies.js
FN:6,getCookie
FN:9,(anonymous_1)
FN:23,setCookie
FNF:3
FNH:0
FNDA:0,getCookie
FNDA:0,(anonymous_1)
FNDA:0,setCookie
DA:7,0
DA:8,0
DA:9,0
DA:11,0
DA:12,0
DA:14,0
DA:24,0
DA:25,0
DA:26,0
LF:9
LH:0
BRDA:11,0,0,0
BRDA:11,0,1,0
BRF:2
BRH:0
end_of_record
TN:
SF:src/composants/securite_cookies_token_auth_localstorage/gestionpanier.jsx
FN:3,saveuser
FN:6,getuser
FN:14,saveTickets
FN:18,getTickets
FN:26,addTickets
FN:28,(anonymous_5)
FN:42,remove
FN:45,(anonymous_7)
FN:51,changeQuantity
FN:54,(anonymous_9)
FN:69,getNumberTickerts
FN:79,getTotalPrice
FNF:12
FNH:6
FNDA:1,saveuser
FNDA:2,getuser
FNDA:4,saveTickets
FNDA:7,getTickets
FNDA:3,addTickets
FNDA:1,(anonymous_5)
FNDA:0,remove
FNDA:0,(anonymous_7)
FNDA:0,changeQuantity
FNDA:0,(anonymous_9)
FNDA:0,getNumberTickerts
FNDA:0,getTotalPrice
DA:4,1
DA:7,2
DA:8,2
DA:9,1
DA:11,1
DA:15,4
DA:19,7
DA:20,7
DA:21,3
DA:23,4
DA:27,3
DA:28,3
DA:30,3
DA:31,1
DA:33,2
DA:34,2
DA:37,3
DA:44,0
DA:45,0
DA:46,0
DA:53,0
DA:54,0
DA:56,0
DA:57,0
DA:58,0
DA:59,0
DA:62,0
DA:70,0
DA:71,0
DA:73,0
DA:74,0
DA:76,0
DA:81,0
DA:82,0
DA:84,0
DA:85,0
DA:87,0
LF:37
LH:17
BRDA:8,0,0,1
BRDA:8,0,1,1
BRDA:20,1,0,3
BRDA:20,1,1,4
BRDA:30,2,0,1
BRDA:30,2,1,2
BRDA:56,3,0,0
BRDA:56,3,1,0
BRDA:58,4,0,0
BRDA:58,4,1,0
BRF:10
BRH:6
end_of_record
TN:
SF:src/composants/securite_cookies_token_auth_localstorage/servicetoken.jsx
FN:9,(anonymous_0)
FN:17,(anonymous_1)
FN:21,(anonymous_2)
FN:28,(anonymous_3)
FN:36,(anonymous_4)
FN:45,(anonymous_5)
FN:53,(anonymous_6)
FNF:7
FNH:0
FNDA:0,(anonymous_0)
FNDA:0,(anonymous_1)
FNDA:0,(anonymous_2)
FNDA:0,(anonymous_3)
FNDA:0,(anonymous_4)
FNDA:0,(anonymous_5)
FNDA:0,(anonymous_6)
DA:9,1
DA:10,0
DA:17,1
DA:18,0
DA:21,1
DA:22,0
DA:28,1
DA:29,0
DA:36,1
DA:37,0
DA:38,0
DA:45,1
DA:46,0
DA:53,1
DA:54,0
DA:58,1
LF:16
LH:8
BRF:0
BRH:0
end_of_record
TN:
SF:src/composants/securite_cookies_token_auth_localstorage/validationForm.jsx
FNF:0
FNH:0
DA:5,1
DA:11,1
DA:16,1
DA:22,1
DA:30,1
DA:36,1
DA:42,1
DA:48,1
LF:8
LH:8
BRF:0
BRH:0
end_of_record
TN:
SF:src/composants/template/footer.jsx
FN:4,Footer
FNF:1
FNH:1
FNDA:2,Footer
DA:5,2
LF:1
LH:1
BRF:0
BRH:0
end_of_record
TN:
SF:src/composants/template/headerNavbar.jsx
FN:13,Nav
FN:16,(anonymous_1)
FN:106,Nav1
FN:154,Header
FN:172,Header1
FNF:5
FNH:3
FNDA:1,Nav
FNDA:0,(anonymous_1)
FNDA:0,Nav1
FNDA:1,Header
FNDA:1,Header1
DA:14,1
DA:15,1
DA:16,1
DA:17,0
DA:18,0
DA:19,0
DA:20,0
DA:28,1
DA:108,0
DA:156,1
DA:174,1
LF:11
LH:6
BRDA:80,0,0,1
BRDA:80,0,1,1
BRDA:86,1,0,1
BRDA:86,1,1,0
BRF:4
BRH:3
end_of_record
TN:
SF:src/composants/template/sidebar.jsx
FN:7,Sidebar
FN:8,w3_open
FN:13,w3_close
FNF:3
FNH:1
FNDA:1,Sidebar
FNDA:0,w3_open
FNDA:0,w3_close
DA:9,0
DA:14,0
DA:16,1
LF:3
LH:1
BRF:0
BRH:0
end_of_record
